TN:
SF:src/config/settings.ts
FNF:0
FNH:0
DA:1,1
DA:2,1
DA:3,1
DA:4,1
DA:5,1
LF:5
LH:5
BRF:0
BRH:0
end_of_record
TN:
SF:src/functions/importProductsFile/handler.ts
FN:11,importProductsFile
FNF:1
FNH:1
FNDA:3,importProductsFile
DA:1,1
DA:2,1
DA:3,1
DA:4,1
DA:5,1
DA:6,1
DA:7,1
DA:8,1
DA:9,1
DA:10,1
DA:11,1
DA:12,3
DA:13,3
DA:14,3
DA:15,3
DA:16,3
DA:17,3
DA:18,1
DA:19,1
DA:20,2
DA:21,2
DA:22,2
DA:23,2
DA:24,2
DA:25,2
DA:26,2
DA:27,2
DA:28,2
DA:29,2
DA:30,2
DA:31,2
DA:32,2
DA:33,1
DA:34,1
DA:35,1
DA:36,1
DA:37,3
DA:38,1
DA:39,1
LF:39
LH:39
BRDA:11,0,0,3
BRDA:17,1,0,1
BRDA:20,2,0,2
BRDA:33,3,0,1
BRF:4
BRH:4
end_of_record
TN:
SF:src/libs/apiGateway.ts
FN:20,formatJSONResponse
FNF:1
FNH:1
FNDA:3,formatJSONResponse
DA:1,1
DA:2,1
DA:3,1
DA:4,1
DA:5,1
DA:6,1
DA:7,1
DA:8,1
DA:9,1
DA:10,1
DA:11,1
DA:12,1
DA:13,1
DA:14,1
DA:15,1
DA:16,1
DA:17,1
DA:18,1
DA:19,1
DA:20,1
DA:21,3
DA:22,3
DA:23,3
DA:24,3
DA:25,3
DA:26,3
DA:27,3
DA:28,3
DA:29,3
DA:30,3
DA:31,3
LF:31
LH:31
BRDA:20,0,0,3
BRF:1
BRH:1
end_of_record
TN:
SF:src/libs/httpStatus.ts
FNF:0
FNH:0
DA:1,1
DA:2,1
DA:3,1
DA:4,1
DA:5,1
DA:6,1
DA:7,1
DA:8,1
DA:9,1
LF:9
LH:9
BRF:0
BRH:0
end_of_record
TN:
SF:src/libs/lambda.ts
FN:4,middyfy
FNF:1
FNH:1
FNDA:1,middyfy
DA:1,1
DA:2,1
DA:3,1
DA:4,1
DA:5,1
DA:6,1
LF:6
LH:6
BRDA:4,0,0,1
BRF:1
BRH:1
end_of_record
