{"/root/rss/rss-BE/product-service/src/data/productMock.ts": {"path":"/root/rss/rss-BE/product-service/src/data/productMock.ts","all":false,"statementMap":{"0":{"start":{"line":1,"column":0},"end":{"line":1,"column":22}},"1":{"start":{"line":2,"column":0},"end":{"line":2,"column":9}},"2":{"start":{"line":3,"column":0},"end":{"line":3,"column":23}},"3":{"start":{"line":4,"column":0},"end":{"line":4,"column":20}},"4":{"start":{"line":5,"column":0},"end":{"line":5,"column":33}},"5":{"start":{"line":6,"column":0},"end":{"line":6,"column":56}},"6":{"start":{"line":7,"column":0},"end":{"line":7,"column":26}},"7":{"start":{"line":8,"column":0},"end":{"line":8,"column":10}},"8":{"start":{"line":9,"column":0},"end":{"line":9,"column":9}},"9":{"start":{"line":10,"column":0},"end":{"line":10,"column":23}},"10":{"start":{"line":11,"column":0},"end":{"line":11,"column":20}},"11":{"start":{"line":12,"column":0},"end":{"line":12,"column":34}},"12":{"start":{"line":13,"column":0},"end":{"line":13,"column":48}},"13":{"start":{"line":14,"column":0},"end":{"line":14,"column":27}},"14":{"start":{"line":15,"column":0},"end":{"line":15,"column":10}},"15":{"start":{"line":16,"column":0},"end":{"line":16,"column":9}},"16":{"start":{"line":17,"column":0},"end":{"line":17,"column":23}},"17":{"start":{"line":18,"column":0},"end":{"line":18,"column":20}},"18":{"start":{"line":19,"column":0},"end":{"line":19,"column":31}},"19":{"start":{"line":20,"column":0},"end":{"line":20,"column":48}},"20":{"start":{"line":21,"column":0},"end":{"line":21,"column":25}},"21":{"start":{"line":22,"column":0},"end":{"line":22,"column":10}},"22":{"start":{"line":23,"column":0},"end":{"line":23,"column":9}},"23":{"start":{"line":24,"column":0},"end":{"line":24,"column":23}},"24":{"start":{"line":25,"column":0},"end":{"line":25,"column":20}},"25":{"start":{"line":26,"column":0},"end":{"line":26,"column":30}},"26":{"start":{"line":27,"column":0},"end":{"line":27,"column":48}},"27":{"start":{"line":28,"column":0},"end":{"line":28,"column":27}},"28":{"start":{"line":29,"column":0},"end":{"line":29,"column":10}},"29":{"start":{"line":30,"column":0},"end":{"line":30,"column":9}},"30":{"start":{"line":31,"column":0},"end":{"line":31,"column":23}},"31":{"start":{"line":32,"column":0},"end":{"line":32,"column":20}},"32":{"start":{"line":33,"column":0},"end":{"line":33,"column":29}},"33":{"start":{"line":34,"column":0},"end":{"line":34,"column":47}},"34":{"start":{"line":35,"column":0},"end":{"line":35,"column":26}},"35":{"start":{"line":36,"column":0},"end":{"line":36,"column":10}},"36":{"start":{"line":37,"column":0},"end":{"line":37,"column":9}},"37":{"start":{"line":38,"column":0},"end":{"line":38,"column":23}},"38":{"start":{"line":39,"column":0},"end":{"line":39,"column":20}},"39":{"start":{"line":40,"column":0},"end":{"line":40,"column":29}},"40":{"start":{"line":41,"column":0},"end":{"line":41,"column":47}},"41":{"start":{"line":42,"column":0},"end":{"line":42,"column":26}},"42":{"start":{"line":43,"column":0},"end":{"line":43,"column":9}},"43":{"start":{"line":44,"column":0},"end":{"line":44,"column":5}},"44":{"start":{"line":45,"column":0},"end":{"line":45,"column":0}},"45":{"start":{"line":46,"column":0},"end":{"line":46,"column":36}},"46":{"start":{"line":47,"column":0},"end":{"line":47,"column":24}},"47":{"start":{"line":48,"column":0},"end":{"line":48,"column":1}},"48":{"start":{"line":49,"column":0},"end":{"line":49,"column":0}},"49":{"start":{"line":50,"column":0},"end":{"line":50,"column":23}}},"s":{"0":1,"1":1,"2":1,"3":1,"4":1,"5":1,"6":1,"7":1,"8":1,"9":1,"10":1,"11":1,"12":1,"13":1,"14":1,"15":1,"16":1,"17":1,"18":1,"19":1,"20":1,"21":1,"22":1,"23":1,"24":1,"25":1,"26":1,"27":1,"28":1,"29":1,"30":1,"31":1,"32":1,"33":1,"34":1,"35":1,"36":1,"37":1,"38":1,"39":1,"40":1,"41":1,"42":1,"43":1,"44":1,"45":1,"46":5,"47":0,"48":1,"49":1},"branchMap":{"0":{"type":"branch","line":46,"loc":{"start":{"line":46,"column":23},"end":{"line":48,"column":1}},"locations":[{"start":{"line":46,"column":23},"end":{"line":48,"column":1}}]},"1":{"type":"branch","line":48,"loc":{"start":{"line":48,"column":-1},"end":{"line":48,"column":1}},"locations":[{"start":{"line":48,"column":-1},"end":{"line":48,"column":1}}]}},"b":{"0":[5],"1":[0]},"fnMap":{"0":{"name":"getAllProducts","decl":{"start":{"line":46,"column":23},"end":{"line":48,"column":1}},"loc":{"start":{"line":46,"column":23},"end":{"line":48,"column":1}},"line":46}},"f":{"0":5}}
,"/root/rss/rss-BE/product-service/src/functions/getProductsById/handler.ts": {"path":"/root/rss/rss-BE/product-service/src/functions/getProductsById/handler.ts","all":false,"statementMap":{"0":{"start":{"line":1,"column":0},"end":{"line":1,"column":37}},"1":{"start":{"line":2,"column":0},"end":{"line":2,"column":0}},"2":{"start":{"line":3,"column":0},"end":{"line":3,"column":77}},"3":{"start":{"line":4,"column":0},"end":{"line":4,"column":79}},"4":{"start":{"line":5,"column":0},"end":{"line":5,"column":39}},"5":{"start":{"line":6,"column":0},"end":{"line":6,"column":0}},"6":{"start":{"line":7,"column":0},"end":{"line":7,"column":54}},"7":{"start":{"line":8,"column":0},"end":{"line":8,"column":0}},"8":{"start":{"line":9,"column":0},"end":{"line":9,"column":49}},"9":{"start":{"line":10,"column":0},"end":{"line":10,"column":51}},"10":{"start":{"line":11,"column":0},"end":{"line":11,"column":46}},"11":{"start":{"line":12,"column":0},"end":{"line":12,"column":71}},"12":{"start":{"line":13,"column":0},"end":{"line":13,"column":0}},"13":{"start":{"line":14,"column":0},"end":{"line":14,"column":19}},"14":{"start":{"line":15,"column":0},"end":{"line":15,"column":47}},"15":{"start":{"line":16,"column":0},"end":{"line":16,"column":8}},"16":{"start":{"line":17,"column":0},"end":{"line":17,"column":51}},"17":{"start":{"line":18,"column":0},"end":{"line":18,"column":3}},"18":{"start":{"line":19,"column":0},"end":{"line":19,"column":1}},"19":{"start":{"line":20,"column":0},"end":{"line":20,"column":0}},"20":{"start":{"line":21,"column":0},"end":{"line":21,"column":45}}},"s":{"0":1,"1":1,"2":1,"3":1,"4":1,"5":1,"6":1,"7":1,"8":1,"9":3,"10":3,"11":3,"12":3,"13":3,"14":2,"15":3,"16":1,"17":1,"18":0,"19":1,"20":1},"branchMap":{"0":{"type":"branch","line":9,"loc":{"start":{"line":9,"column":31},"end":{"line":19,"column":1}},"locations":[{"start":{"line":9,"column":31},"end":{"line":19,"column":1}}]},"1":{"type":"branch","line":14,"loc":{"start":{"line":14,"column":18},"end":{"line":16,"column":7}},"locations":[{"start":{"line":14,"column":18},"end":{"line":16,"column":7}}]},"2":{"type":"branch","line":16,"loc":{"start":{"line":16,"column":3},"end":{"line":18,"column":3}},"locations":[{"start":{"line":16,"column":3},"end":{"line":18,"column":3}}]},"3":{"type":"branch","line":19,"loc":{"start":{"line":19,"column":-1},"end":{"line":19,"column":1}},"locations":[{"start":{"line":19,"column":-1},"end":{"line":19,"column":1}}]},"4":{"type":"branch","line":12,"loc":{"start":{"line":12,"column":41},"end":{"line":12,"column":69}},"locations":[{"start":{"line":12,"column":41},"end":{"line":12,"column":69}}]}},"b":{"0":[3],"1":[2],"2":[1],"3":[0],"4":[8]},"fnMap":{"0":{"name":"getProductsById","decl":{"start":{"line":9,"column":31},"end":{"line":19,"column":1}},"loc":{"start":{"line":9,"column":31},"end":{"line":19,"column":1}},"line":9}},"f":{"0":3}}
,"/root/rss/rss-BE/product-service/src/functions/getProductsList/handler.ts": {"path":"/root/rss/rss-BE/product-service/src/functions/getProductsList/handler.ts","all":false,"statementMap":{"0":{"start":{"line":1,"column":0},"end":{"line":1,"column":37}},"1":{"start":{"line":2,"column":0},"end":{"line":2,"column":0}},"2":{"start":{"line":3,"column":0},"end":{"line":3,"column":54}},"3":{"start":{"line":4,"column":0},"end":{"line":4,"column":39}},"4":{"start":{"line":5,"column":0},"end":{"line":5,"column":0}},"5":{"start":{"line":6,"column":0},"end":{"line":6,"column":58}},"6":{"start":{"line":7,"column":0},"end":{"line":7,"column":0}},"7":{"start":{"line":8,"column":0},"end":{"line":8,"column":54}},"8":{"start":{"line":9,"column":0},"end":{"line":9,"column":0}},"9":{"start":{"line":10,"column":0},"end":{"line":10,"column":44}},"10":{"start":{"line":11,"column":0},"end":{"line":11,"column":46}},"11":{"start":{"line":12,"column":0},"end":{"line":12,"column":48}},"12":{"start":{"line":13,"column":0},"end":{"line":13,"column":1}},"13":{"start":{"line":14,"column":0},"end":{"line":14,"column":0}},"14":{"start":{"line":15,"column":0},"end":{"line":15,"column":45}}},"s":{"0":1,"1":1,"2":1,"3":1,"4":1,"5":1,"6":1,"7":1,"8":1,"9":1,"10":2,"11":2,"12":0,"13":1,"14":1},"branchMap":{"0":{"type":"branch","line":10,"loc":{"start":{"line":10,"column":31},"end":{"line":13,"column":1}},"locations":[{"start":{"line":10,"column":31},"end":{"line":13,"column":1}}]},"1":{"type":"branch","line":13,"loc":{"start":{"line":13,"column":-1},"end":{"line":13,"column":1}},"locations":[{"start":{"line":13,"column":-1},"end":{"line":13,"column":1}}]}},"b":{"0":[2],"1":[0]},"fnMap":{"0":{"name":"getProductsList","decl":{"start":{"line":10,"column":31},"end":{"line":13,"column":1}},"loc":{"start":{"line":10,"column":31},"end":{"line":13,"column":1}},"line":10}},"f":{"0":2}}
,"/root/rss/rss-BE/product-service/src/libs/apiGateway.ts": {"path":"/root/rss/rss-BE/product-service/src/libs/apiGateway.ts","all":false,"statementMap":{"0":{"start":{"line":1,"column":0},"end":{"line":1,"column":86}},"1":{"start":{"line":2,"column":0},"end":{"line":2,"column":52}},"2":{"start":{"line":3,"column":0},"end":{"line":3,"column":0}},"3":{"start":{"line":4,"column":0},"end":{"line":4,"column":100}},"4":{"start":{"line":5,"column":0},"end":{"line":5,"column":116}},"5":{"start":{"line":6,"column":0},"end":{"line":6,"column":0}},"6":{"start":{"line":7,"column":0},"end":{"line":7,"column":49}},"7":{"start":{"line":8,"column":0},"end":{"line":8,"column":10}},"8":{"start":{"line":9,"column":0},"end":{"line":9,"column":20}},"9":{"start":{"line":10,"column":0},"end":{"line":10,"column":14}},"10":{"start":{"line":11,"column":0},"end":{"line":11,"column":42}},"11":{"start":{"line":12,"column":0},"end":{"line":12,"column":41}},"12":{"start":{"line":13,"column":0},"end":{"line":13,"column":42}},"13":{"start":{"line":14,"column":0},"end":{"line":14,"column":47}},"14":{"start":{"line":15,"column":0},"end":{"line":15,"column":6}},"15":{"start":{"line":16,"column":0},"end":{"line":16,"column":34}},"16":{"start":{"line":17,"column":0},"end":{"line":17,"column":3}},"17":{"start":{"line":18,"column":0},"end":{"line":18,"column":1}},"18":{"start":{"line":19,"column":0},"end":{"line":19,"column":0}},"19":{"start":{"line":20,"column":0},"end":{"line":20,"column":83}},"20":{"start":{"line":21,"column":0},"end":{"line":21,"column":26}},"21":{"start":{"line":22,"column":0},"end":{"line":22,"column":12}},"22":{"start":{"line":23,"column":0},"end":{"line":23,"column":30}},"23":{"start":{"line":24,"column":0},"end":{"line":24,"column":16}},"24":{"start":{"line":25,"column":0},"end":{"line":25,"column":44}},"25":{"start":{"line":26,"column":0},"end":{"line":26,"column":43}},"26":{"start":{"line":27,"column":0},"end":{"line":27,"column":44}},"27":{"start":{"line":28,"column":0},"end":{"line":28,"column":49}},"28":{"start":{"line":29,"column":0},"end":{"line":29,"column":8}},"29":{"start":{"line":30,"column":0},"end":{"line":30,"column":74}},"30":{"start":{"line":31,"column":0},"end":{"line":31,"column":5}},"31":{"start":{"line":32,"column":0},"end":{"line":32,"column":8}},"32":{"start":{"line":33,"column":0},"end":{"line":33,"column":12}},"33":{"start":{"line":34,"column":0},"end":{"line":34,"column":22}},"34":{"start":{"line":35,"column":0},"end":{"line":35,"column":16}},"35":{"start":{"line":36,"column":0},"end":{"line":36,"column":44}},"36":{"start":{"line":37,"column":0},"end":{"line":37,"column":43}},"37":{"start":{"line":38,"column":0},"end":{"line":38,"column":44}},"38":{"start":{"line":39,"column":0},"end":{"line":39,"column":49}},"39":{"start":{"line":40,"column":0},"end":{"line":40,"column":8}},"40":{"start":{"line":41,"column":0},"end":{"line":41,"column":54}},"41":{"start":{"line":42,"column":0},"end":{"line":42,"column":5}},"42":{"start":{"line":43,"column":0},"end":{"line":43,"column":3}},"43":{"start":{"line":44,"column":0},"end":{"line":44,"column":0}},"44":{"start":{"line":45,"column":0},"end":{"line":45,"column":1}}},"s":{"0":1,"1":1,"2":1,"3":1,"4":1,"5":1,"6":1,"7":4,"8":4,"9":4,"10":4,"11":4,"12":4,"13":4,"14":4,"15":4,"16":4,"17":4,"18":1,"19":1,"20":1,"21":1,"22":1,"23":1,"24":1,"25":1,"26":1,"27":1,"28":1,"29":1,"30":1,"31":1,"32":0,"33":0,"34":0,"35":0,"36":0,"37":0,"38":0,"39":0,"40":0,"41":0,"42":0,"43":1,"44":1},"branchMap":{"0":{"type":"branch","line":7,"loc":{"start":{"line":7,"column":34},"end":{"line":18,"column":1}},"locations":[{"start":{"line":7,"column":34},"end":{"line":18,"column":1}}]},"1":{"type":"branch","line":20,"loc":{"start":{"line":20,"column":39},"end":{"line":45,"column":1}},"locations":[{"start":{"line":20,"column":39},"end":{"line":45,"column":1}}]},"2":{"type":"branch","line":32,"loc":{"start":{"line":32,"column":3},"end":{"line":43,"column":3}},"locations":[{"start":{"line":32,"column":3},"end":{"line":43,"column":3}}]}},"b":{"0":[4],"1":[1],"2":[0]},"fnMap":{"0":{"name":"formatJSONResponse","decl":{"start":{"line":7,"column":34},"end":{"line":18,"column":1}},"loc":{"start":{"line":7,"column":34},"end":{"line":18,"column":1}},"line":7},"1":{"name":"formatJSONErrorResponse","decl":{"start":{"line":20,"column":39},"end":{"line":45,"column":1}},"loc":{"start":{"line":20,"column":39},"end":{"line":45,"column":1}},"line":20}},"f":{"0":4,"1":1}}
,"/root/rss/rss-BE/product-service/src/libs/lambda.ts": {"path":"/root/rss/rss-BE/product-service/src/libs/lambda.ts","all":false,"statementMap":{"0":{"start":{"line":1,"column":0},"end":{"line":1,"column":31}},"1":{"start":{"line":2,"column":0},"end":{"line":2,"column":62}},"2":{"start":{"line":3,"column":0},"end":{"line":3,"column":0}},"3":{"start":{"line":4,"column":0},"end":{"line":4,"column":37}},"4":{"start":{"line":5,"column":0},"end":{"line":5,"column":50}},"5":{"start":{"line":6,"column":0},"end":{"line":6,"column":1}}},"s":{"0":1,"1":1,"2":1,"3":1,"4":2,"5":2},"branchMap":{"0":{"type":"branch","line":4,"loc":{"start":{"line":4,"column":23},"end":{"line":6,"column":1}},"locations":[{"start":{"line":4,"column":23},"end":{"line":6,"column":1}}]}},"b":{"0":[2]},"fnMap":{"0":{"name":"middyfy","decl":{"start":{"line":4,"column":23},"end":{"line":6,"column":1}},"loc":{"start":{"line":4,"column":23},"end":{"line":6,"column":1}},"line":4}},"f":{"0":2}}
}
