TN:
SF:src/data/productMock.ts
FN:46,getAllProducts
FNF:1
FNH:1
FNDA:5,getAllProducts
DA:1,1
DA:2,1
DA:3,1
DA:4,1
DA:5,1
DA:6,1
DA:7,1
DA:8,1
DA:9,1
DA:10,1
DA:11,1
DA:12,1
DA:13,1
DA:14,1
DA:15,1
DA:16,1
DA:17,1
DA:18,1
DA:19,1
DA:20,1
DA:21,1
DA:22,1
DA:23,1
DA:24,1
DA:25,1
DA:26,1
DA:27,1
DA:28,1
DA:29,1
DA:30,1
DA:31,1
DA:32,1
DA:33,1
DA:34,1
DA:35,1
DA:36,1
DA:37,1
DA:38,1
DA:39,1
DA:40,1
DA:41,1
DA:42,1
DA:43,1
DA:44,1
DA:45,1
DA:46,1
DA:47,5
DA:48,0
DA:49,1
DA:50,1
LF:50
LH:49
BRDA:46,0,0,5
BRDA:48,1,0,0
BRF:2
BRH:1
end_of_record
TN:
SF:src/functions/getProductsById/handler.ts
FN:9,getProductsById
FNF:1
FNH:1
FNDA:3,getProductsById
DA:1,1
DA:2,1
DA:3,1
DA:4,1
DA:5,1
DA:6,1
DA:7,1
DA:8,1
DA:9,1
DA:10,3
DA:11,3
DA:12,3
DA:13,3
DA:14,3
DA:15,2
DA:16,3
DA:17,1
DA:18,1
DA:19,0
DA:20,1
DA:21,1
LF:21
LH:20
BRDA:9,0,0,3
BRDA:14,1,0,2
BRDA:16,2,0,1
BRDA:19,3,0,0
BRDA:12,4,0,8
BRF:5
BRH:4
end_of_record
TN:
SF:src/functions/getProductsList/handler.ts
FN:10,getProductsList
FNF:1
FNH:1
FNDA:2,getProductsList
DA:1,1
DA:2,1
DA:3,1
DA:4,1
DA:5,1
DA:6,1
DA:7,1
DA:8,1
DA:9,1
DA:10,1
DA:11,2
DA:12,2
DA:13,0
DA:14,1
DA:15,1
LF:15
LH:14
BRDA:10,0,0,2
BRDA:13,1,0,0
BRF:2
BRH:1
end_of_record
TN:
SF:src/libs/apiGateway.ts
FN:7,formatJSONResponse
FN:20,formatJSONErrorResponse
FNF:2
FNH:2
FNDA:4,formatJSONResponse
FNDA:1,formatJSONErrorResponse
DA:1,1
DA:2,1
DA:3,1
DA:4,1
DA:5,1
DA:6,1
DA:7,1
DA:8,4
DA:9,4
DA:10,4
DA:11,4
DA:12,4
DA:13,4
DA:14,4
DA:15,4
DA:16,4
DA:17,4
DA:18,4
DA:19,1
DA:20,1
DA:21,1
DA:22,1
DA:23,1
DA:24,1
DA:25,1
DA:26,1
DA:27,1
DA:28,1
DA:29,1
DA:30,1
DA:31,1
DA:32,1
DA:33,0
DA:34,0
DA:35,0
DA:36,0
DA:37,0
DA:38,0
DA:39,0
DA:40,0
DA:41,0
DA:42,0
DA:43,0
DA:44,1
DA:45,1
LF:45
LH:34
BRDA:7,0,0,4
BRDA:20,1,0,1
BRDA:32,2,0,0
BRF:3
BRH:2
end_of_record
TN:
SF:src/libs/lambda.ts
FN:4,middyfy
FNF:1
FNH:1
FNDA:2,middyfy
DA:1,1
DA:2,1
DA:3,1
DA:4,1
DA:5,2
DA:6,2
LF:6
LH:6
BRDA:4,0,0,2
BRF:1
BRH:1
end_of_record
