TN:
SF:src/functions/catalogBatchProcess/handler.ts
FN:10,catalogBatchProcess
FNF:1
FNH:1
FNDA:2,catalogBatchProcess
DA:1,1
DA:2,1
DA:3,1
DA:4,1
DA:5,1
DA:6,1
DA:7,1
DA:8,1
DA:9,1
DA:10,1
DA:11,2
DA:12,2
DA:13,2
DA:14,4
DA:15,4
DA:16,4
DA:17,4
DA:18,4
DA:19,4
DA:20,4
DA:21,4
DA:22,4
DA:23,4
DA:24,4
DA:25,4
DA:26,4
DA:27,4
DA:28,4
DA:29,4
DA:30,4
DA:31,4
DA:32,4
DA:33,4
DA:34,4
DA:35,3
DA:36,4
DA:37,4
DA:38,4
DA:39,4
DA:40,1
DA:41,1
DA:42,1
DA:43,1
DA:44,1
DA:45,1
DA:46,1
DA:47,2
DA:48,1
DA:49,1
LF:49
LH:49
BRDA:10,0,0,2
BRDA:13,1,0,4
BRDA:17,2,0,0
BRDA:40,3,0,1
BRDA:34,4,0,3
BRF:5
BRH:4
end_of_record
TN:
SF:src/functions/getProductsById/handler.ts
FN:11,getProductsById
FNF:1
FNH:1
FNDA:1,getProductsById
DA:1,1
DA:2,1
DA:3,1
DA:4,1
DA:5,1
DA:6,1
DA:7,1
DA:8,1
DA:9,1
DA:10,1
DA:11,1
DA:12,1
DA:13,1
DA:14,1
DA:15,1
DA:16,1
DA:17,1
DA:18,1
DA:19,1
DA:20,0
DA:21,1
DA:22,1
DA:23,1
DA:24,1
DA:25,0
DA:26,0
DA:27,1
DA:28,0
DA:29,0
DA:30,1
DA:31,1
DA:32,1
DA:33,1
LF:33
LH:28
BRDA:11,0,0,1
BRDA:19,1,0,0
BRDA:24,2,0,0
BRDA:27,3,0,0
BRF:4
BRH:1
end_of_record
TN:
SF:src/functions/getProductsList/handler.ts
FN:9,getProductsList
FNF:1
FNH:1
FNDA:2,getProductsList
DA:1,1
DA:2,1
DA:3,1
DA:4,1
DA:5,1
DA:6,1
DA:7,1
DA:8,1
DA:9,1
DA:10,2
DA:11,2
DA:12,2
DA:13,2
DA:14,2
DA:15,2
DA:16,0
DA:17,0
DA:18,0
DA:19,2
DA:20,2
DA:21,1
DA:22,1
LF:22
LH:19
BRDA:9,0,0,2
BRDA:15,1,0,0
BRF:2
BRH:1
end_of_record
TN:
SF:src/libs/apiGateway.ts
FN:20,formatJSONResponse
FNF:1
FNH:1
FNDA:5,formatJSONResponse
DA:1,1
DA:2,1
DA:3,1
DA:4,1
DA:5,1
DA:6,1
DA:7,1
DA:8,1
DA:9,1
DA:10,1
DA:11,1
DA:12,1
DA:13,1
DA:14,1
DA:15,1
DA:16,1
DA:17,1
DA:18,1
DA:19,1
DA:20,1
DA:21,5
DA:22,5
DA:23,5
DA:24,5
DA:25,5
DA:26,5
DA:27,5
DA:28,5
DA:29,5
DA:30,5
DA:31,5
LF:31
LH:31
BRDA:20,0,0,5
BRF:1
BRH:1
end_of_record
TN:
SF:src/libs/httpStatus.ts
FNF:0
FNH:0
DA:1,1
DA:2,1
DA:3,1
DA:4,1
DA:5,1
DA:6,1
DA:7,1
DA:8,1
DA:9,1
LF:9
LH:9
BRF:0
BRH:0
end_of_record
TN:
SF:src/libs/lambda.ts
FN:4,middyfy
FNF:1
FNH:1
FNDA:3,middyfy
DA:1,1
DA:2,1
DA:3,1
DA:4,1
DA:5,3
DA:6,3
LF:6
LH:6
BRDA:4,0,0,3
BRF:1
BRH:1
end_of_record
TN:
SF:src/libs/logging.ts
FN:1,logging
FNF:1
FNH:1
FNDA:3,logging
DA:1,1
DA:2,3
DA:3,3
DA:4,1
DA:5,3
DA:6,2
DA:7,2
DA:8,3
LF:8
LH:8
BRDA:1,0,0,3
BRDA:3,1,0,1
BRDA:5,2,0,2
BRF:3
BRH:3
end_of_record
TN:
SF:src/models/createNewProduct.ts
FN:8,createNewProduct
FNF:1
FNH:0
FNDA:0,createNewProduct
DA:1,1
DA:2,1
DA:3,1
DA:4,1
DA:5,1
DA:6,1
DA:7,1
DA:8,1
DA:9,0
DA:10,0
DA:11,0
DA:12,0
DA:13,0
DA:14,0
DA:15,0
DA:16,0
DA:17,0
DA:18,0
DA:19,0
DA:20,0
DA:21,0
DA:22,0
DA:23,0
DA:24,0
DA:25,0
DA:26,0
DA:27,0
DA:28,0
DA:29,0
DA:30,0
DA:31,0
DA:32,0
DA:33,0
DA:34,0
DA:35,0
DA:36,0
DA:37,0
DA:38,0
DA:39,0
DA:40,0
DA:41,0
DA:42,0
DA:43,0
DA:44,0
DA:45,0
DA:46,0
DA:47,0
DA:48,0
DA:49,0
DA:50,0
DA:51,0
DA:52,0
DA:53,0
DA:54,0
DA:55,0
DA:56,0
DA:57,1
DA:58,1
LF:58
LH:10
BRF:0
BRH:0
end_of_record
TN:
SF:src/models/dbOptions.ts
FNF:0
FNH:0
DA:1,1
DA:2,1
DA:3,1
DA:4,1
DA:5,1
DA:6,1
DA:7,1
DA:8,1
DA:9,1
DA:10,1
DA:11,1
DA:12,1
DA:13,1
DA:14,1
DA:15,1
DA:16,1
LF:16
LH:16
BRF:0
BRH:0
end_of_record
TN:
SF:src/models/dbTables.ts
FNF:0
FNH:0
DA:1,1
DA:2,1
DA:3,1
DA:4,1
DA:5,1
DA:6,1
LF:6
LH:6
BRF:0
BRH:0
end_of_record
TN:
SF:src/models/getAllProducts.ts
FN:8,getAllProducts
FNF:1
FNH:1
FNDA:2,getAllProducts
DA:1,1
DA:2,1
DA:3,1
DA:4,1
DA:5,1
DA:6,1
DA:7,1
DA:8,1
DA:9,2
DA:10,2
DA:11,2
DA:12,2
DA:13,2
DA:14,2
DA:15,2
DA:16,2
DA:17,2
DA:18,0
DA:19,0
DA:20,0
DA:21,0
DA:22,0
DA:23,0
DA:24,0
DA:25,0
DA:26,0
DA:27,0
DA:28,0
DA:29,0
DA:30,0
DA:31,0
DA:32,0
DA:33,0
DA:34,0
DA:35,0
DA:36,0
DA:37,2
DA:38,1
DA:39,1
LF:39
LH:20
BRDA:8,0,0,2
BRDA:13,1,0,0
BRDA:18,2,0,0
BRF:3
BRH:1
end_of_record
TN:
SF:src/models/getDataProductByid.ts
FN:7,getDataProductByid
FNF:1
FNH:1
FNDA:1,getDataProductByid
DA:1,1
DA:2,1
DA:3,1
DA:4,1
DA:5,1
DA:6,1
DA:7,1
DA:8,1
DA:9,1
DA:10,1
DA:11,1
DA:12,1
DA:13,1
DA:14,1
DA:15,1
DA:16,0
DA:17,0
DA:18,0
DA:19,0
DA:20,0
DA:21,0
DA:22,0
DA:23,0
DA:24,0
DA:25,0
DA:26,0
DA:27,0
DA:28,0
DA:29,0
DA:30,0
DA:31,0
DA:32,0
DA:33,0
DA:34,0
DA:35,0
DA:36,0
DA:37,1
DA:38,1
DA:39,1
LF:39
LH:18
BRDA:7,0,0,1
BRDA:11,1,0,0
BRDA:16,2,0,0
BRF:3
BRH:1
end_of_record
